2018-11-17 13:43:41   INFO  com.dudu.ContractTest - Starting ContractTest on Denglimeng with PID 15144 (D:\source\development\workspace\java\demo2\target\test-classes started by dlm in D:\source\development\workspace\java\demo2)
2018-11-17 13:43:41   INFO  com.dudu.ContractTest - No active profile set, falling back to default profiles: default
2018-11-17 13:43:42   INFO  o.h.validator.internal.util.Version - HV000001: Hibernate Validator 5.3.6.Final
2018-11-17 13:43:42   INFO  o.s.b.c.e.AnnotationConfigEmbeddedWebApplicationContext - Refreshing org.springframework.boot.context.embedded.AnnotationConfigEmbeddedWebApplicationContext@e06123: startup date [Sat Nov 17 13:43:42 CST 2018]; root of context hierarchy
2018-11-17 13:43:45   INFO  o.s.c.s.PostProcessorRegistrationDelegate$BeanPostProcessorChecker - Bean 'org.springframework.transaction.annotation.ProxyTransactionManagementConfiguration' of type [org.springframework.transaction.annotation.ProxyTransactionManagementConfiguration$$EnhancerBySpringCGLIB$$a1bca474] is not eligible for getting processed by all BeanPostProcessors (for example: not eligible for auto-proxying)
2018-11-17 13:43:47   INFO  o.s.b.c.e.t.TomcatEmbeddedServletContainer - Tomcat initialized with port(s): 8080 (http)
2018-11-17 13:43:47   INFO  o.s.web.context.ContextLoader - Root WebApplicationContext: initialization completed in 4812 ms
2018-11-17 13:43:48   INFO  o.s.b.w.s.ServletRegistrationBean - Mapping servlet: 'statViewServlet' to [/druid/*]
2018-11-17 13:43:48   INFO  o.s.b.w.s.ServletRegistrationBean - Mapping servlet: 'dispatcherServlet' to [/]
2018-11-17 13:43:48   INFO  o.s.b.w.s.FilterRegistrationBean - Mapping filter: 'characterEncodingFilter' to: [/*]
2018-11-17 13:43:48   INFO  o.s.b.w.s.FilterRegistrationBean - Mapping filter: 'hiddenHttpMethodFilter' to: [/*]
2018-11-17 13:43:48   INFO  o.s.b.w.s.FilterRegistrationBean - Mapping filter: 'httpPutFormContentFilter' to: [/*]
2018-11-17 13:43:48   INFO  o.s.b.w.s.FilterRegistrationBean - Mapping filter: 'requestContextFilter' to: [/*]
2018-11-17 13:43:48   INFO  o.s.b.w.s.FilterRegistrationBean - Mapping filter: 'webStatFilter' to urls: [/*]
2018-11-17 13:43:51   INFO  org.mongodb.driver.cluster - Cluster created with settings {hosts=[localhost:27017], mode=SINGLE, requiredClusterType=UNKNOWN, serverSelectionTimeout='30000 ms', maxWaitQueueSize=1280}
2018-11-17 13:43:51   INFO  org.mongodb.driver.connection - Opened connection [connectionId{localValue:1, serverValue:33}] to localhost:27017
2018-11-17 13:43:51   INFO  org.mongodb.driver.cluster - Monitor thread successfully connected to server with description ServerDescription{address=localhost:27017, type=STANDALONE, state=CONNECTED, ok=true, version=ServerVersion{versionList=[4, 0, 1]}, minWireVersion=0, maxWireVersion=7, maxDocumentSize=16777216, roundTripTimeNanos=1054633}
2018-11-17 13:43:51   INFO  org.mongodb.driver.connection - Opened connection [connectionId{localValue:2, serverValue:34}] to localhost:27017
2018-11-17 13:43:52   INFO  o.s.w.s.m.m.a.RequestMappingHandlerAdapter - Looking for @ControllerAdvice: org.springframework.boot.context.embedded.AnnotationConfigEmbeddedWebApplicationContext@e06123: startup date [Sat Nov 17 13:43:42 CST 2018]; root of context hierarchy
2018-11-17 13:43:52   INFO  o.s.w.s.m.m.a.RequestMappingHandlerAdapter - Detected @ModelAttribute methods in businessExceptionHandler
2018-11-17 13:43:52   INFO  o.s.w.s.m.m.a.RequestMappingHandlerAdapter - Detected @InitBinder methods in businessExceptionHandler
2018-11-17 13:43:53   INFO  o.s.w.s.m.m.a.RequestMappingHandlerMapping - Mapped "{[/ex]}" onto public java.lang.String com.dudu.controller.BaseErrorController.error()
2018-11-17 13:43:53   INFO  o.s.w.s.m.m.a.RequestMappingHandlerMapping - Mapped "{[/exception]}" onto public void com.dudu.controller.BaseErrorController.catchException()
2018-11-17 13:43:53   INFO  o.s.w.s.m.m.a.RequestMappingHandlerMapping - Mapped "{[/json]}" onto public void com.dudu.controller.BaseErrorController.json(org.springframework.ui.ModelMap)
2018-11-17 13:43:53   INFO  o.s.w.s.m.m.a.RequestMappingHandlerMapping - Mapped "{[/index]}" onto public java.lang.String com.dudu.controller.IndexController.index(org.springframework.ui.Model)
2018-11-17 13:43:53   INFO  o.s.w.s.m.m.a.RequestMappingHandlerMapping - Mapped "{[/main]}" onto public java.lang.String com.dudu.controller.IndexController.main(org.springframework.ui.Model)
2018-11-17 13:43:53   INFO  o.s.w.s.m.m.a.RequestMappingHandlerMapping - Mapped "{[/yangoindex]}" onto public java.lang.String com.dudu.controller.IndexController.yangoindex(org.springframework.ui.Model)
2018-11-17 13:43:53   INFO  o.s.w.s.m.m.a.RequestMappingHandlerMapping - Mapped "{[/]}" onto public java.lang.String com.dudu.controller.IndexController.queryContractIndex(org.springframework.ui.Model)
2018-11-17 13:43:53   INFO  o.s.w.s.m.m.a.RequestMappingHandlerMapping - Mapped "{[/learn/update],methods=[POST]}" onto public com.dudu.util.AjaxObject com.dudu.controller.LearnController.updateLearn(com.dudu.domain.LearnResource)
2018-11-17 13:43:53   INFO  o.s.w.s.m.m.a.RequestMappingHandlerMapping - Mapped "{[/learn/queryLeanList],methods=[POST]}" onto public com.dudu.util.AjaxObject com.dudu.controller.LearnController.queryLearnList(com.dudu.util.Page<com.dudu.model.LeanQueryLeanListReq>)
2018-11-17 13:43:53   INFO  o.s.w.s.m.m.a.RequestMappingHandlerMapping - Mapped "{[/learn/delete],methods=[POST]}" onto public com.dudu.util.AjaxObject com.dudu.controller.LearnController.deleteLearn(java.lang.Long[])
2018-11-17 13:43:53   INFO  o.s.w.s.m.m.a.RequestMappingHandlerMapping - Mapped "{[/learn/add],methods=[POST]}" onto public com.dudu.util.AjaxObject com.dudu.controller.LearnController.addLearn(com.dudu.domain.LearnResource)
2018-11-17 13:43:53   INFO  o.s.w.s.m.m.a.RequestMappingHandlerMapping - Mapped "{[/learn]}" onto public java.lang.String com.dudu.controller.LearnController.learn(org.springframework.ui.Model)
2018-11-17 13:43:53   INFO  o.s.w.s.m.m.a.RequestMappingHandlerMapping - Mapped "{[/login],methods=[POST]}" onto public java.util.Map<java.lang.String, java.lang.Object> com.dudu.controller.LoginController.login(javax.servlet.http.HttpServletRequest,javax.servlet.http.HttpServletResponse)
2018-11-17 13:43:53   INFO  o.s.w.s.m.m.a.RequestMappingHandlerMapping - Mapped "{[/toLogin]}" onto public java.lang.String com.dudu.controller.LoginController.toLogin(org.springframework.ui.Model)
2018-11-17 13:43:53   INFO  o.s.w.s.m.m.a.RequestMappingHandlerMapping - Mapped "{[/error/404],produces=[text/html]}" onto public org.springframework.web.servlet.ModelAndView com.dudu.controller.MyBasicErrorController.errorHtml400(javax.servlet.http.HttpServletRequest,javax.servlet.http.HttpServletResponse)
2018-11-17 13:43:53   INFO  o.s.w.s.m.m.a.RequestMappingHandlerMapping - Mapped "{[/error/500],produces=[text/html]}" onto public org.springframework.web.servlet.ModelAndView com.dudu.controller.MyBasicErrorController.errorHtml500(javax.servlet.http.HttpServletRequest,javax.servlet.http.HttpServletResponse)
2018-11-17 13:43:53   INFO  o.s.w.s.m.m.a.RequestMappingHandlerMapping - Mapped "{[/error/500]}" onto public org.springframework.http.ResponseEntity<java.util.Map<java.lang.String, java.lang.Object>> com.dudu.controller.MyBasicErrorController.error500(javax.servlet.http.HttpServletRequest)
2018-11-17 13:43:53   INFO  o.s.w.s.m.m.a.RequestMappingHandlerMapping - Mapped "{[/error]}" onto public org.springframework.http.ResponseEntity<java.util.Map<java.lang.String, java.lang.Object>> org.springframework.boot.autoconfigure.web.BasicErrorController.error(javax.servlet.http.HttpServletRequest)
2018-11-17 13:43:53   INFO  o.s.w.s.m.m.a.RequestMappingHandlerMapping - Mapped "{[/error],produces=[text/html]}" onto public org.springframework.web.servlet.ModelAndView org.springframework.boot.autoconfigure.web.BasicErrorController.errorHtml(javax.servlet.http.HttpServletRequest,javax.servlet.http.HttpServletResponse)
2018-11-17 13:43:53   INFO  o.s.w.s.m.m.a.RequestMappingHandlerMapping - Mapped "{[/queryOrderByDays]}" onto public java.util.List<com.dudu.mongo.domin.认购> com.dudu.controller.OrderController.queryOrderByDays(int)
2018-11-17 13:43:53   INFO  o.s.w.s.m.m.a.RequestMappingHandlerMapping - Mapped "{[/pays/notifyPay]}" onto public void com.dudu.controller.PayController.notifyPay(javax.servlet.http.HttpServletRequest,javax.servlet.http.HttpServletResponse,com.dudu.model.PaySaPi) throws java.io.UnsupportedEncodingException
2018-11-17 13:43:53   INFO  o.s.w.s.m.m.a.RequestMappingHandlerMapping - Mapped "{[/pays/returnPay]}" onto public org.springframework.web.servlet.ModelAndView com.dudu.controller.PayController.returnPay(javax.servlet.http.HttpServletRequest,javax.servlet.http.HttpServletResponse,java.lang.String)
2018-11-17 13:43:53   INFO  o.s.w.s.m.m.a.RequestMappingHandlerMapping - Mapped "{[/pays]}" onto public java.lang.String com.dudu.controller.PayController.payindex()
2018-11-17 13:43:53   INFO  o.s.w.s.m.m.a.RequestMappingHandlerMapping - Mapped "{[/pays/pay]}" onto public java.util.Map<java.lang.String, java.lang.Object> com.dudu.controller.PayController.pay(javax.servlet.http.HttpServletRequest,java.lang.String,int) throws java.io.UnsupportedEncodingException
2018-11-17 13:43:53   INFO  o.s.w.s.m.m.a.RequestMappingHandlerMapping - Mapped "{[/queryContract],methods=[POST]}" onto public java.util.Map<java.lang.String, java.lang.Object> com.dudu.mongo.controller.QueryContractController.queryContract(javax.servlet.http.HttpServletRequest,javax.servlet.http.HttpServletResponse)
2018-11-17 13:43:53   INFO  o.s.w.s.m.m.a.RequestMappingHandlerMapping - Mapped "{[/queryContractDetail],methods=[POST]}" onto public java.util.List<com.dudu.mongo.domin.合同> com.dudu.mongo.controller.QueryContractController.queryDetail(javax.servlet.http.HttpServletRequest,javax.servlet.http.HttpServletResponse)
2018-11-17 13:43:53   INFO  o.s.w.s.m.m.a.RequestMappingHandlerMapping - Mapped "{[/mongodb/user/update/{id}]}" onto public java.lang.String com.dudu.mongo.controller.UserController.update(int)
2018-11-17 13:43:53   INFO  o.s.w.s.m.m.a.RequestMappingHandlerMapping - Mapped "{[/mongodb/user/find/all]}" onto public java.util.List<com.dudu.mongo.domin.User> com.dudu.mongo.controller.UserController.find()
2018-11-17 13:43:53   INFO  o.s.w.s.m.m.a.RequestMappingHandlerMapping - Mapped "{[/mongodb/user/delete/{id}]}" onto public java.lang.String com.dudu.mongo.controller.UserController.delete(int)
2018-11-17 13:43:53   INFO  o.s.w.s.m.m.a.RequestMappingHandlerMapping - Mapped "{[/mongodb/user/add]}" onto public java.lang.String com.dudu.mongo.controller.UserController.insert()
2018-11-17 13:43:53   INFO  o.s.w.s.m.m.a.RequestMappingHandlerMapping - Mapped "{[/mongodb/user/insert]}" onto public java.lang.String com.dudu.mongo.controller.UserController.insertAll()
2018-11-17 13:43:53   INFO  o.s.w.s.m.m.a.RequestMappingHandlerMapping - Mapped "{[/mongodb/user/find/{start}]}" onto public java.util.List<com.dudu.mongo.domin.User> com.dudu.mongo.controller.UserController.findByPage(int,com.dudu.mongo.domin.User)
2018-11-17 13:43:53   INFO  o.s.w.s.m.m.a.RequestMappingHandlerMapping - Mapped "{[/mongodb/user/get/{id}]}" onto public com.dudu.mongo.domin.User com.dudu.mongo.controller.UserController.getUser(int)
2018-11-17 13:43:53   INFO  o.s.w.s.h.SimpleUrlHandlerMapping - Mapped URL path [/my/**] onto handler of type [class org.springframework.web.servlet.resource.ResourceHttpRequestHandler]
2018-11-17 13:43:53   INFO  o.s.w.s.h.SimpleUrlHandlerMapping - Mapped URL path [/webjars/**] onto handler of type [class org.springframework.web.servlet.resource.ResourceHttpRequestHandler]
2018-11-17 13:43:53   INFO  o.s.w.s.h.SimpleUrlHandlerMapping - Mapped URL path [/**] onto handler of type [class org.springframework.web.servlet.resource.ResourceHttpRequestHandler]
2018-11-17 13:43:53   INFO  o.s.w.s.m.m.a.ExceptionHandlerExceptionResolver - Detected @ExceptionHandler methods in businessExceptionHandler
2018-11-17 13:43:53   INFO  o.s.w.s.h.SimpleUrlHandlerMapping - Mapped URL path [/**/favicon.ico] onto handler of type [class org.springframework.web.servlet.resource.ResourceHttpRequestHandler]
2018-11-17 13:43:54   WARN  o.s.b.d.a.OptionalLiveReloadServer - Unable to start LiveReload server
2018-11-17 13:43:54   INFO  o.s.j.e.a.AnnotationMBeanExporter - Registering beans for JMX exposure on startup
2018-11-17 13:43:54   INFO  o.s.j.e.a.AnnotationMBeanExporter - Bean with name 'dataSource' has been autodetected for JMX exposure
2018-11-17 13:43:54   INFO  o.s.j.e.a.AnnotationMBeanExporter - Bean with name 'statFilter' has been autodetected for JMX exposure
2018-11-17 13:43:54   INFO  o.s.j.e.a.AnnotationMBeanExporter - Bean with name 'wallFilter' has been autodetected for JMX exposure
2018-11-17 13:43:54   INFO  o.s.j.e.a.AnnotationMBeanExporter - Located MBean 'dataSource': registering with JMX server as MBean [com.alibaba.druid.pool:name=dataSource,type=DruidDataSource]
2018-11-17 13:43:54   INFO  o.s.j.e.a.AnnotationMBeanExporter - Located MBean 'wallFilter': registering with JMX server as MBean [com.alibaba.druid.wall:name=wallFilter,type=WallFilter]
2018-11-17 13:43:54   INFO  o.s.j.e.a.AnnotationMBeanExporter - Located MBean 'statFilter': registering with JMX server as MBean [com.alibaba.druid.filter.stat:name=statFilter,type=StatFilter]
2018-11-17 13:43:54   INFO  o.s.s.a.ScheduledAnnotationBeanPostProcessor - No TaskScheduler/ScheduledExecutorService bean found for scheduled processing
2018-11-17 13:43:55   INFO  o.s.b.a.l.AutoConfigurationReportLoggingInitializer - 

Error starting ApplicationContext. To display the auto-configuration report re-run your application with 'debug' enabled.
2018-11-17 13:43:55   ERROR o.s.b.d.LoggingFailureAnalysisReporter - 

***************************
APPLICATION FAILED TO START
***************************

Description:

The Tomcat connector configured to listen on port 8080 failed to start. The port may already be in use or the connector may be misconfigured.

Action:

Verify the connector's configuration, identify and stop any process that's listening on port 8080, or configure this application to listen on another port.

2018-11-17 13:43:55   INFO  o.s.b.c.e.AnnotationConfigEmbeddedWebApplicationContext - Closing org.springframework.boot.context.embedded.AnnotationConfigEmbeddedWebApplicationContext@e06123: startup date [Sat Nov 17 13:43:42 CST 2018]; root of context hierarchy
2018-11-17 13:43:55   INFO  o.s.j.e.a.AnnotationMBeanExporter - Unregistering JMX-exposed beans on shutdown
2018-11-17 13:43:55   INFO  o.s.j.e.a.AnnotationMBeanExporter - Unregistering JMX-exposed beans
2018-11-17 13:43:55   INFO  org.mongodb.driver.connection - Closed connection [connectionId{localValue:2, serverValue:34}] to localhost:27017 because the pool has been closed.
2018-11-17 13:46:17   INFO  com.dudu.ContractTest - Starting ContractTest on Denglimeng with PID 22092 (D:\source\development\workspace\java\demo2\target\test-classes started by dlm in D:\source\development\workspace\java\demo2)
2018-11-17 13:46:17   INFO  com.dudu.ContractTest - No active profile set, falling back to default profiles: default
2018-11-17 13:46:18   INFO  o.h.validator.internal.util.Version - HV000001: Hibernate Validator 5.3.6.Final
2018-11-17 13:46:18   INFO  o.s.b.c.e.AnnotationConfigEmbeddedWebApplicationContext - Refreshing org.springframework.boot.context.embedded.AnnotationConfigEmbeddedWebApplicationContext@13f6bc: startup date [Sat Nov 17 13:46:18 CST 2018]; root of context hierarchy
2018-11-17 13:46:19   INFO  o.s.c.s.PostProcessorRegistrationDelegate$BeanPostProcessorChecker - Bean 'org.springframework.transaction.annotation.ProxyTransactionManagementConfiguration' of type [org.springframework.transaction.annotation.ProxyTransactionManagementConfiguration$$EnhancerBySpringCGLIB$$3ff049fb] is not eligible for getting processed by all BeanPostProcessors (for example: not eligible for auto-proxying)
2018-11-17 13:46:20   INFO  o.s.b.c.e.t.TomcatEmbeddedServletContainer - Tomcat initialized with port(s): 8080 (http)
2018-11-17 13:46:20   INFO  o.s.web.context.ContextLoader - Root WebApplicationContext: initialization completed in 2249 ms
2018-11-17 13:46:20   INFO  o.s.b.w.s.ServletRegistrationBean - Mapping servlet: 'statViewServlet' to [/druid/*]
2018-11-17 13:46:20   INFO  o.s.b.w.s.ServletRegistrationBean - Mapping servlet: 'dispatcherServlet' to [/]
2018-11-17 13:46:20   INFO  o.s.b.w.s.FilterRegistrationBean - Mapping filter: 'characterEncodingFilter' to: [/*]
2018-11-17 13:46:20   INFO  o.s.b.w.s.FilterRegistrationBean - Mapping filter: 'hiddenHttpMethodFilter' to: [/*]
2018-11-17 13:46:20   INFO  o.s.b.w.s.FilterRegistrationBean - Mapping filter: 'httpPutFormContentFilter' to: [/*]
2018-11-17 13:46:20   INFO  o.s.b.w.s.FilterRegistrationBean - Mapping filter: 'requestContextFilter' to: [/*]
2018-11-17 13:46:20   INFO  o.s.b.w.s.FilterRegistrationBean - Mapping filter: 'webStatFilter' to urls: [/*]
2018-11-17 13:46:21   INFO  org.mongodb.driver.cluster - Cluster created with settings {hosts=[localhost:27017], mode=SINGLE, requiredClusterType=UNKNOWN, serverSelectionTimeout='30000 ms', maxWaitQueueSize=1280}
2018-11-17 13:46:22   INFO  org.mongodb.driver.connection - Opened connection [connectionId{localValue:1, serverValue:35}] to localhost:27017
2018-11-17 13:46:22   INFO  org.mongodb.driver.cluster - Monitor thread successfully connected to server with description ServerDescription{address=localhost:27017, type=STANDALONE, state=CONNECTED, ok=true, version=ServerVersion{versionList=[4, 0, 1]}, minWireVersion=0, maxWireVersion=7, maxDocumentSize=16777216, roundTripTimeNanos=448547}
2018-11-17 13:46:22   INFO  org.mongodb.driver.connection - Opened connection [connectionId{localValue:2, serverValue:36}] to localhost:27017
2018-11-17 13:46:22   INFO  o.s.w.s.m.m.a.RequestMappingHandlerAdapter - Looking for @ControllerAdvice: org.springframework.boot.context.embedded.AnnotationConfigEmbeddedWebApplicationContext@13f6bc: startup date [Sat Nov 17 13:46:18 CST 2018]; root of context hierarchy
2018-11-17 13:46:22   INFO  o.s.w.s.m.m.a.RequestMappingHandlerAdapter - Detected @ModelAttribute methods in businessExceptionHandler
2018-11-17 13:46:22   INFO  o.s.w.s.m.m.a.RequestMappingHandlerAdapter - Detected @InitBinder methods in businessExceptionHandler
2018-11-17 13:46:22   INFO  o.s.w.s.m.m.a.RequestMappingHandlerMapping - Mapped "{[/ex]}" onto public java.lang.String com.dudu.controller.BaseErrorController.error()
2018-11-17 13:46:22   INFO  o.s.w.s.m.m.a.RequestMappingHandlerMapping - Mapped "{[/exception]}" onto public void com.dudu.controller.BaseErrorController.catchException()
2018-11-17 13:46:22   INFO  o.s.w.s.m.m.a.RequestMappingHandlerMapping - Mapped "{[/json]}" onto public void com.dudu.controller.BaseErrorController.json(org.springframework.ui.ModelMap)
2018-11-17 13:46:22   INFO  o.s.w.s.m.m.a.RequestMappingHandlerMapping - Mapped "{[/index]}" onto public java.lang.String com.dudu.controller.IndexController.index(org.springframework.ui.Model)
2018-11-17 13:46:22   INFO  o.s.w.s.m.m.a.RequestMappingHandlerMapping - Mapped "{[/main]}" onto public java.lang.String com.dudu.controller.IndexController.main(org.springframework.ui.Model)
2018-11-17 13:46:22   INFO  o.s.w.s.m.m.a.RequestMappingHandlerMapping - Mapped "{[/yangoindex]}" onto public java.lang.String com.dudu.controller.IndexController.yangoindex(org.springframework.ui.Model)
2018-11-17 13:46:22   INFO  o.s.w.s.m.m.a.RequestMappingHandlerMapping - Mapped "{[/]}" onto public java.lang.String com.dudu.controller.IndexController.queryContractIndex(org.springframework.ui.Model)
2018-11-17 13:46:22   INFO  o.s.w.s.m.m.a.RequestMappingHandlerMapping - Mapped "{[/learn/queryLeanList],methods=[POST]}" onto public com.dudu.util.AjaxObject com.dudu.controller.LearnController.queryLearnList(com.dudu.util.Page<com.dudu.model.LeanQueryLeanListReq>)
2018-11-17 13:46:22   INFO  o.s.w.s.m.m.a.RequestMappingHandlerMapping - Mapped "{[/learn/update],methods=[POST]}" onto public com.dudu.util.AjaxObject com.dudu.controller.LearnController.updateLearn(com.dudu.domain.LearnResource)
2018-11-17 13:46:22   INFO  o.s.w.s.m.m.a.RequestMappingHandlerMapping - Mapped "{[/learn/delete],methods=[POST]}" onto public com.dudu.util.AjaxObject com.dudu.controller.LearnController.deleteLearn(java.lang.Long[])
2018-11-17 13:46:22   INFO  o.s.w.s.m.m.a.RequestMappingHandlerMapping - Mapped "{[/learn]}" onto public java.lang.String com.dudu.controller.LearnController.learn(org.springframework.ui.Model)
2018-11-17 13:46:22   INFO  o.s.w.s.m.m.a.RequestMappingHandlerMapping - Mapped "{[/learn/add],methods=[POST]}" onto public com.dudu.util.AjaxObject com.dudu.controller.LearnController.addLearn(com.dudu.domain.LearnResource)
2018-11-17 13:46:22   INFO  o.s.w.s.m.m.a.RequestMappingHandlerMapping - Mapped "{[/login],methods=[POST]}" onto public java.util.Map<java.lang.String, java.lang.Object> com.dudu.controller.LoginController.login(javax.servlet.http.HttpServletRequest,javax.servlet.http.HttpServletResponse)
2018-11-17 13:46:22   INFO  o.s.w.s.m.m.a.RequestMappingHandlerMapping - Mapped "{[/toLogin]}" onto public java.lang.String com.dudu.controller.LoginController.toLogin(org.springframework.ui.Model)
2018-11-17 13:46:22   INFO  o.s.w.s.m.m.a.RequestMappingHandlerMapping - Mapped "{[/error/404],produces=[text/html]}" onto public org.springframework.web.servlet.ModelAndView com.dudu.controller.MyBasicErrorController.errorHtml400(javax.servlet.http.HttpServletRequest,javax.servlet.http.HttpServletResponse)
2018-11-17 13:46:22   INFO  o.s.w.s.m.m.a.RequestMappingHandlerMapping - Mapped "{[/error/500],produces=[text/html]}" onto public org.springframework.web.servlet.ModelAndView com.dudu.controller.MyBasicErrorController.errorHtml500(javax.servlet.http.HttpServletRequest,javax.servlet.http.HttpServletResponse)
2018-11-17 13:46:22   INFO  o.s.w.s.m.m.a.RequestMappingHandlerMapping - Mapped "{[/error/500]}" onto public org.springframework.http.ResponseEntity<java.util.Map<java.lang.String, java.lang.Object>> com.dudu.controller.MyBasicErrorController.error500(javax.servlet.http.HttpServletRequest)
2018-11-17 13:46:22   INFO  o.s.w.s.m.m.a.RequestMappingHandlerMapping - Mapped "{[/error]}" onto public org.springframework.http.ResponseEntity<java.util.Map<java.lang.String, java.lang.Object>> org.springframework.boot.autoconfigure.web.BasicErrorController.error(javax.servlet.http.HttpServletRequest)
2018-11-17 13:46:22   INFO  o.s.w.s.m.m.a.RequestMappingHandlerMapping - Mapped "{[/error],produces=[text/html]}" onto public org.springframework.web.servlet.ModelAndView org.springframework.boot.autoconfigure.web.BasicErrorController.errorHtml(javax.servlet.http.HttpServletRequest,javax.servlet.http.HttpServletResponse)
2018-11-17 13:46:22   INFO  o.s.w.s.m.m.a.RequestMappingHandlerMapping - Mapped "{[/queryOrderByDays]}" onto public java.util.List<com.dudu.mongo.domin.认购> com.dudu.controller.OrderController.queryOrderByDays(int)
2018-11-17 13:46:22   INFO  o.s.w.s.m.m.a.RequestMappingHandlerMapping - Mapped "{[/pays/notifyPay]}" onto public void com.dudu.controller.PayController.notifyPay(javax.servlet.http.HttpServletRequest,javax.servlet.http.HttpServletResponse,com.dudu.model.PaySaPi) throws java.io.UnsupportedEncodingException
2018-11-17 13:46:22   INFO  o.s.w.s.m.m.a.RequestMappingHandlerMapping - Mapped "{[/pays/returnPay]}" onto public org.springframework.web.servlet.ModelAndView com.dudu.controller.PayController.returnPay(javax.servlet.http.HttpServletRequest,javax.servlet.http.HttpServletResponse,java.lang.String)
2018-11-17 13:46:22   INFO  o.s.w.s.m.m.a.RequestMappingHandlerMapping - Mapped "{[/pays]}" onto public java.lang.String com.dudu.controller.PayController.payindex()
2018-11-17 13:46:22   INFO  o.s.w.s.m.m.a.RequestMappingHandlerMapping - Mapped "{[/pays/pay]}" onto public java.util.Map<java.lang.String, java.lang.Object> com.dudu.controller.PayController.pay(javax.servlet.http.HttpServletRequest,java.lang.String,int) throws java.io.UnsupportedEncodingException
2018-11-17 13:46:22   INFO  o.s.w.s.m.m.a.RequestMappingHandlerMapping - Mapped "{[/queryContract],methods=[POST]}" onto public java.util.Map<java.lang.String, java.lang.Object> com.dudu.mongo.controller.QueryContractController.queryContract(javax.servlet.http.HttpServletRequest,javax.servlet.http.HttpServletResponse)
2018-11-17 13:46:22   INFO  o.s.w.s.m.m.a.RequestMappingHandlerMapping - Mapped "{[/queryContractDetail],methods=[POST]}" onto public java.util.List<com.dudu.mongo.domin.合同> com.dudu.mongo.controller.QueryContractController.queryDetail(javax.servlet.http.HttpServletRequest,javax.servlet.http.HttpServletResponse)
2018-11-17 13:46:22   INFO  o.s.w.s.m.m.a.RequestMappingHandlerMapping - Mapped "{[/mongodb/user/update/{id}]}" onto public java.lang.String com.dudu.mongo.controller.UserController.update(int)
2018-11-17 13:46:22   INFO  o.s.w.s.m.m.a.RequestMappingHandlerMapping - Mapped "{[/mongodb/user/find/all]}" onto public java.util.List<com.dudu.mongo.domin.User> com.dudu.mongo.controller.UserController.find()
2018-11-17 13:46:22   INFO  o.s.w.s.m.m.a.RequestMappingHandlerMapping - Mapped "{[/mongodb/user/delete/{id}]}" onto public java.lang.String com.dudu.mongo.controller.UserController.delete(int)
2018-11-17 13:46:22   INFO  o.s.w.s.m.m.a.RequestMappingHandlerMapping - Mapped "{[/mongodb/user/add]}" onto public java.lang.String com.dudu.mongo.controller.UserController.insert()
2018-11-17 13:46:22   INFO  o.s.w.s.m.m.a.RequestMappingHandlerMapping - Mapped "{[/mongodb/user/find/{start}]}" onto public java.util.List<com.dudu.mongo.domin.User> com.dudu.mongo.controller.UserController.findByPage(int,com.dudu.mongo.domin.User)
2018-11-17 13:46:22   INFO  o.s.w.s.m.m.a.RequestMappingHandlerMapping - Mapped "{[/mongodb/user/insert]}" onto public java.lang.String com.dudu.mongo.controller.UserController.insertAll()
2018-11-17 13:46:22   INFO  o.s.w.s.m.m.a.RequestMappingHandlerMapping - Mapped "{[/mongodb/user/get/{id}]}" onto public com.dudu.mongo.domin.User com.dudu.mongo.controller.UserController.getUser(int)
2018-11-17 13:46:22   INFO  o.s.w.s.h.SimpleUrlHandlerMapping - Mapped URL path [/my/**] onto handler of type [class org.springframework.web.servlet.resource.ResourceHttpRequestHandler]
2018-11-17 13:46:22   INFO  o.s.w.s.h.SimpleUrlHandlerMapping - Mapped URL path [/webjars/**] onto handler of type [class org.springframework.web.servlet.resource.ResourceHttpRequestHandler]
2018-11-17 13:46:22   INFO  o.s.w.s.h.SimpleUrlHandlerMapping - Mapped URL path [/**] onto handler of type [class org.springframework.web.servlet.resource.ResourceHttpRequestHandler]
2018-11-17 13:46:22   INFO  o.s.w.s.m.m.a.ExceptionHandlerExceptionResolver - Detected @ExceptionHandler methods in businessExceptionHandler
2018-11-17 13:46:22   INFO  o.s.w.s.h.SimpleUrlHandlerMapping - Mapped URL path [/**/favicon.ico] onto handler of type [class org.springframework.web.servlet.resource.ResourceHttpRequestHandler]
2018-11-17 13:46:23   WARN  o.s.b.d.a.OptionalLiveReloadServer - Unable to start LiveReload server
2018-11-17 13:46:23   INFO  o.s.j.e.a.AnnotationMBeanExporter - Registering beans for JMX exposure on startup
2018-11-17 13:46:23   INFO  o.s.j.e.a.AnnotationMBeanExporter - Bean with name 'dataSource' has been autodetected for JMX exposure
2018-11-17 13:46:23   INFO  o.s.j.e.a.AnnotationMBeanExporter - Bean with name 'statFilter' has been autodetected for JMX exposure
2018-11-17 13:46:23   INFO  o.s.j.e.a.AnnotationMBeanExporter - Bean with name 'wallFilter' has been autodetected for JMX exposure
2018-11-17 13:46:23   INFO  o.s.j.e.a.AnnotationMBeanExporter - Located MBean 'dataSource': registering with JMX server as MBean [com.alibaba.druid.pool:name=dataSource,type=DruidDataSource]
2018-11-17 13:46:23   INFO  o.s.j.e.a.AnnotationMBeanExporter - Located MBean 'wallFilter': registering with JMX server as MBean [com.alibaba.druid.wall:name=wallFilter,type=WallFilter]
2018-11-17 13:46:23   INFO  o.s.j.e.a.AnnotationMBeanExporter - Located MBean 'statFilter': registering with JMX server as MBean [com.alibaba.druid.filter.stat:name=statFilter,type=StatFilter]
2018-11-17 13:46:23   INFO  o.s.s.a.ScheduledAnnotationBeanPostProcessor - No TaskScheduler/ScheduledExecutorService bean found for scheduled processing
2018-11-17 13:46:23   INFO  o.s.b.c.e.t.TomcatEmbeddedServletContainer - Tomcat started on port(s): 8080 (http)
2018-11-17 13:46:23   INFO  com.dudu.ContractTest - Started ContractTest in 6.564 seconds (JVM running for 9.15)
2018-11-17 13:46:58   INFO  o.s.b.c.e.AnnotationConfigEmbeddedWebApplicationContext - Closing org.springframework.boot.context.embedded.AnnotationConfigEmbeddedWebApplicationContext@13f6bc: startup date [Sat Nov 17 13:46:18 CST 2018]; root of context hierarchy
2018-11-17 13:46:58   INFO  o.s.j.e.a.AnnotationMBeanExporter - Unregistering JMX-exposed beans on shutdown
2018-11-17 13:46:58   INFO  o.s.j.e.a.AnnotationMBeanExporter - Unregistering JMX-exposed beans
2018-11-17 13:46:58   INFO  org.mongodb.driver.connection - Closed connection [connectionId{localValue:2, serverValue:36}] to localhost:27017 because the pool has been closed.
